<?xml version="1.0" encoding="UTF-8"?>
<testng-results ignored="0" total="1" passed="1" failed="0" skipped="0">
  <reporter-output>
  </reporter-output>
  <suite started-at="2022-09-24T12:49:43 IST" name="Default suite" finished-at="2022-09-24T12:49:53 IST" duration-ms="9861">
    <groups>
    </groups>
    <test started-at="2022-09-24T12:49:43 IST" name="Default test" finished-at="2022-09-24T12:49:53 IST" duration-ms="9861">
      <class name="Maven.ExtentReports.Extentreports">
        <test-method is-config="true" signature="reportFile()[pri:0, instance:Maven.ExtentReports.Extentreports@17f9d882]" started-at="2022-09-24T12:49:43 IST" name="reportFile" finished-at="2022-09-24T12:49:44 IST" duration-ms="160" status="PASS">
          <reporter-output>
          </reporter-output>
        </test-method> <!-- reportFile -->
        <test-method signature="hitUrl()[pri:0, instance:Maven.ExtentReports.Extentreports@17f9d882]" started-at="2022-09-24T12:49:44 IST" name="hitUrl" finished-at="2022-09-24T12:49:53 IST" duration-ms="9665" status="PASS">
          <reporter-output>
          </reporter-output>
        </test-method> <!-- hitUrl -->
      </class> <!-- Maven.ExtentReports.Extentreports -->
    </test> <!-- Default test -->
  </suite> <!-- Default suite -->
</testng-results>
